<?xml version="1.0" encoding="UTF-8"?>
<!-- Generated by org.testng.reporters.JUnitReportReporter -->
<testsuite hostname="DESKTOP-99N73JI" failures="0" tests="1" name="tc1.chomepage" time="16.842" errors="0" timestamp="2021-02-10T15:15:57 IST" skipped="0">
  <testcase classname="tc1.chomepage" name="login1" time="16.842"/>
</testsuite> <!-- tc1.chomepage -->
