<?xml version="1.0" encoding="UTF-8"?>
<!-- Generated by org.testng.reporters.JUnitReportReporter -->
<testsuite hostname="DESKTOP-99N73JI" failures="0" tests="1" name="tc1.edgehome" time="3.968" errors="0" timestamp="2021-02-10T15:15:57 IST" skipped="0">
  <testcase classname="tc1.edgehome" name="login3" time="3.968"/>
</testsuite> <!-- tc1.edgehome -->
